[2024-05-15 21:47:02] [ INFO ] [BD:21] Tabla creada con éxito
[2024-05-15 21:47:02] [ INFO ] [OdontologoDAOH2:18] Iniciando el guardado
[2024-05-15 21:47:02] [ WARN ] [OdontologoDAOH2:34] Tabla "ODONTO" no encontrada
Table "ODONTO" not found; SQL statement:
INSERT INTO ODONTO (MATRICULA, NOMBRE, APELLIDO) VALUES(?,?,?) [42102-224]
[2024-05-15 21:48:55] [ WARN ] [BD:23] La base de datos puede que ya esté siendo utilizada: "C:/Users/Daniel/Evaluacion_BackEnd.mv.db". Soluciones Posibles: cierre todas las otras conexiones; use el modo server
Database may be already in use: "C:/Users/Daniel/Evaluacion_BackEnd.mv.db". Possible solutions: close all other connection(s); use the server mode [90020-224]
[2024-05-15 21:48:55] [ INFO ] [OdontologoDAOH2:18] Iniciando el guardado
[2024-05-15 21:48:55] [ WARN ] [OdontologoDAOH2:34] La base de datos puede que ya esté siendo utilizada: "C:/Users/Daniel/Evaluacion_BackEnd.mv.db". Soluciones Posibles: cierre todas las otras conexiones; use el modo server
Database may be already in use: "C:/Users/Daniel/Evaluacion_BackEnd.mv.db". Possible solutions: close all other connection(s); use the server mode [90020-224]
[2024-05-15 21:49:20] [ INFO ] [BD:21] Tabla creada con éxito
[2024-05-15 21:49:20] [ INFO ] [OdontologoDAOH2:18] Iniciando el guardado
[2024-05-15 21:49:20] [ INFO ] [OdontologoDAOH2:27] Datos insertados correctamente
[2024-05-15 21:51:07] [ INFO ] [BD:21] Tabla creada con éxito
[2024-05-15 21:51:07] [ INFO ] [OdontologoDAOH2:18] Iniciando el guardado
[2024-05-15 21:51:07] [ INFO ] [OdontologoDAOH2:27] Datos insertados correctamente
[2024-05-15 21:51:07] [ INFO ] [OdontologoDAOH2:18] Iniciando el guardado
[2024-05-15 21:51:07] [ INFO ] [OdontologoDAOH2:27] Datos insertados correctamente
[2024-05-15 21:51:07] [ INFO ] [OdontologoDAOH2:18] Iniciando el guardado
[2024-05-15 21:51:07] [ INFO ] [OdontologoDAOH2:27] Datos insertados correctamente
[2024-05-15 22:14:58] [ WARN ] [BD:23] La base de datos puede que ya esté siendo utilizada: "C:/Users/Daniel/Evaluacion_BackEnd.mv.db". Soluciones Posibles: cierre todas las otras conexiones; use el modo server
Database may be already in use: "C:/Users/Daniel/Evaluacion_BackEnd.mv.db". Possible solutions: close all other connection(s); use the server mode [90020-224]
[2024-05-15 22:14:59] [ INFO ] [OdontologoDAOH2:19] Iniciando el guardado
[2024-05-15 22:14:59] [ WARN ] [OdontologoDAOH2:35] La base de datos puede que ya esté siendo utilizada: "C:/Users/Daniel/Evaluacion_BackEnd.mv.db". Soluciones Posibles: cierre todas las otras conexiones; use el modo server
Database may be already in use: "C:/Users/Daniel/Evaluacion_BackEnd.mv.db". Possible solutions: close all other connection(s); use the server mode [90020-224]
[2024-05-15 22:14:59] [ INFO ] [OdontologoDAOH2:19] Iniciando el guardado
[2024-05-15 22:14:59] [ WARN ] [OdontologoDAOH2:35] La base de datos puede que ya esté siendo utilizada: "C:/Users/Daniel/Evaluacion_BackEnd.mv.db". Soluciones Posibles: cierre todas las otras conexiones; use el modo server
Database may be already in use: "C:/Users/Daniel/Evaluacion_BackEnd.mv.db". Possible solutions: close all other connection(s); use the server mode [90020-224]
[2024-05-15 22:14:59] [ INFO ] [OdontologoDAOH2:19] Iniciando el guardado
[2024-05-15 22:14:59] [ WARN ] [OdontologoDAOH2:35] La base de datos puede que ya esté siendo utilizada: "C:/Users/Daniel/Evaluacion_BackEnd.mv.db". Soluciones Posibles: cierre todas las otras conexiones; use el modo server
Database may be already in use: "C:/Users/Daniel/Evaluacion_BackEnd.mv.db". Possible solutions: close all other connection(s); use the server mode [90020-224]
[2024-05-15 22:14:59] [ INFO ] [OdontologoDAOH2:42] Iniciando la busqueda
[2024-05-15 22:14:59] [ WARN ] [OdontologoDAOH2:59] La base de datos puede que ya esté siendo utilizada: "C:/Users/Daniel/Evaluacion_BackEnd.mv.db". Soluciones Posibles: cierre todas las otras conexiones; use el modo server
Database may be already in use: "C:/Users/Daniel/Evaluacion_BackEnd.mv.db". Possible solutions: close all other connection(s); use the server mode [90020-224]
[2024-05-15 22:15:06] [ INFO ] [BD:21] Tabla creada con éxito
[2024-05-15 22:15:06] [ INFO ] [OdontologoDAOH2:19] Iniciando el guardado
[2024-05-15 22:15:06] [ INFO ] [OdontologoDAOH2:28] Datos insertados correctamente
[2024-05-15 22:15:06] [ INFO ] [OdontologoDAOH2:19] Iniciando el guardado
[2024-05-15 22:15:06] [ INFO ] [OdontologoDAOH2:28] Datos insertados correctamente
[2024-05-15 22:15:06] [ INFO ] [OdontologoDAOH2:19] Iniciando el guardado
[2024-05-15 22:15:06] [ INFO ] [OdontologoDAOH2:28] Datos insertados correctamente
[2024-05-15 22:15:06] [ INFO ] [OdontologoDAOH2:42] Iniciando la busqueda
[2024-05-15 22:22:50] [ WARN ] [BD:23] La base de datos puede que ya esté siendo utilizada: "C:/Users/Daniel/Evaluacion_BackEnd.mv.db". Soluciones Posibles: cierre todas las otras conexiones; use el modo server
Database may be already in use: "C:/Users/Daniel/Evaluacion_BackEnd.mv.db". Possible solutions: close all other connection(s); use the server mode [90020-224]
[2024-05-15 22:22:50] [ INFO ] [OdontologoDAOH2:20] Iniciando el guardado
[2024-05-15 22:22:50] [ WARN ] [OdontologoDAOH2:36] La base de datos puede que ya esté siendo utilizada: "C:/Users/Daniel/Evaluacion_BackEnd.mv.db". Soluciones Posibles: cierre todas las otras conexiones; use el modo server
Database may be already in use: "C:/Users/Daniel/Evaluacion_BackEnd.mv.db". Possible solutions: close all other connection(s); use the server mode [90020-224]
[2024-05-15 22:22:50] [ INFO ] [OdontologoDAOH2:20] Iniciando el guardado
[2024-05-15 22:22:50] [ WARN ] [OdontologoDAOH2:36] La base de datos puede que ya esté siendo utilizada: "C:/Users/Daniel/Evaluacion_BackEnd.mv.db". Soluciones Posibles: cierre todas las otras conexiones; use el modo server
Database may be already in use: "C:/Users/Daniel/Evaluacion_BackEnd.mv.db". Possible solutions: close all other connection(s); use the server mode [90020-224]
[2024-05-15 22:22:50] [ INFO ] [OdontologoDAOH2:20] Iniciando el guardado
[2024-05-15 22:22:50] [ WARN ] [OdontologoDAOH2:36] La base de datos puede que ya esté siendo utilizada: "C:/Users/Daniel/Evaluacion_BackEnd.mv.db". Soluciones Posibles: cierre todas las otras conexiones; use el modo server
Database may be already in use: "C:/Users/Daniel/Evaluacion_BackEnd.mv.db". Possible solutions: close all other connection(s); use the server mode [90020-224]
[2024-05-15 22:22:50] [ INFO ] [OdontologoDAOH2:44] Iniciando la busqueda
[2024-05-15 22:22:50] [ WARN ] [OdontologoDAOH2:62] La base de datos puede que ya esté siendo utilizada: "C:/Users/Daniel/Evaluacion_BackEnd.mv.db". Soluciones Posibles: cierre todas las otras conexiones; use el modo server
Database may be already in use: "C:/Users/Daniel/Evaluacion_BackEnd.mv.db". Possible solutions: close all other connection(s); use the server mode [90020-224]
[2024-05-15 22:22:55] [ INFO ] [BD:21] Tabla creada con éxito
[2024-05-15 22:22:55] [ INFO ] [OdontologoDAOH2:20] Iniciando el guardado
[2024-05-15 22:22:55] [ INFO ] [OdontologoDAOH2:29] Datos insertados correctamente
[2024-05-15 22:22:55] [ INFO ] [OdontologoDAOH2:20] Iniciando el guardado
[2024-05-15 22:22:55] [ INFO ] [OdontologoDAOH2:29] Datos insertados correctamente
[2024-05-15 22:22:55] [ INFO ] [OdontologoDAOH2:20] Iniciando el guardado
[2024-05-15 22:22:55] [ INFO ] [OdontologoDAOH2:29] Datos insertados correctamente
[2024-05-15 22:22:55] [ INFO ] [OdontologoDAOH2:44] Iniciando la busqueda
[2024-05-15 22:23:35] [ INFO ] [BD:21] Tabla creada con éxito
[2024-05-15 22:23:35] [ INFO ] [OdontologoDAOH2:20] Iniciando el guardado
[2024-05-15 22:23:35] [ INFO ] [OdontologoDAOH2:29] Datos insertados correctamente
[2024-05-15 22:23:35] [ INFO ] [OdontologoDAOH2:20] Iniciando el guardado
[2024-05-15 22:23:35] [ INFO ] [OdontologoDAOH2:29] Datos insertados correctamente
[2024-05-15 22:23:35] [ INFO ] [OdontologoDAOH2:20] Iniciando el guardado
[2024-05-15 22:23:35] [ INFO ] [OdontologoDAOH2:29] Datos insertados correctamente
[2024-05-15 22:23:35] [ INFO ] [OdontologoDAOH2:44] Iniciando la busqueda
[2024-05-15 22:23:35] [ INFO ] [OdontologoDAOH2:50] Query ejecutado
[2024-05-15 22:26:50] [ INFO ] [OdontologoDAOH2:47] Iniciando la busqueda
[2024-05-15 22:26:50] [ WARN ] [OdontologoDAOH2:66] La base de datos puede que ya esté siendo utilizada: "C:/Users/Daniel/Evaluacion_BackEnd.mv.db". Soluciones Posibles: cierre todas las otras conexiones; use el modo server
Database may be already in use: "C:/Users/Daniel/Evaluacion_BackEnd.mv.db". Possible solutions: close all other connection(s); use the server mode [90020-224]
[2024-05-15 22:27:11] [ INFO ] [OdontologoDAOH2:47] Iniciando la busqueda
[2024-05-15 22:27:11] [ INFO ] [OdontologoDAOH2:53] Query ejecutado
[2024-05-15 22:39:17] [ INFO ] [OdontologoDAOH2:47] Iniciando la busqueda
[2024-05-15 22:39:17] [ INFO ] [OdontologoDAOH2:53] Query ejecutado
[2024-05-15 22:39:41] [ INFO ] [OdontologoDAOH2:47] Iniciando la busqueda
[2024-05-15 22:39:42] [ INFO ] [OdontologoDAOH2:53] Query ejecutado
[2024-05-15 22:45:37] [ INFO ] [OdontologoDAOH2:47] Iniciando la busqueda
[2024-05-15 22:45:38] [ INFO ] [OdontologoDAOH2:53] Query ejecutado
[2024-05-15 22:48:47] [ INFO ] [OdontologoDAOH2:47] Iniciando la busqueda
[2024-05-15 22:48:47] [ INFO ] [OdontologoDAOH2:53] Query ejecutado
[2024-05-15 22:51:02] [ INFO ] [BD:21] Tabla creada con éxito
[2024-05-15 22:51:02] [ INFO ] [OdontologoDAOH2:23] Iniciando el guardado
[2024-05-15 22:51:02] [ INFO ] [OdontologoDAOH2:32] Datos insertados correctamente
[2024-05-15 22:51:02] [ INFO ] [OdontologoDAOH2:23] Iniciando el guardado
[2024-05-15 22:51:02] [ INFO ] [OdontologoDAOH2:32] Datos insertados correctamente
[2024-05-15 22:51:02] [ INFO ] [OdontologoDAOH2:23] Iniciando el guardado
[2024-05-15 22:51:02] [ INFO ] [OdontologoDAOH2:32] Datos insertados correctamente
[2024-05-15 22:51:02] [ INFO ] [OdontologoDAOH2:47] Iniciando la busqueda
[2024-05-15 22:51:02] [ INFO ] [OdontologoDAOH2:53] Query ejecutado
[2024-05-15 22:51:02] [ INFO ] [OdontologoDAOList:16] Odontólogo guardado en memoria: Model.Odontologo@131774fe
[2024-05-15 22:51:02] [ INFO ] [OdontologoDAOList:20] Listado de odontólogos en memoria obtenido.
